<?xml version="1.0" encoding="UTF-8"?>
<!-- Generated by org.testng.reporters.JUnitXMLReporter -->
<testsuite hostname="User-PC" ignored="3" name="Default test" tests="1" failures="0" timestamp="17 Oct 2019 11:51:49 GMT" time="30.008" errors="0">
  <testcase name="verifySocialMedialink" time="26.625" classname="com.orangehrm.test.LoginTest"/>
  <testcase name="verifyLoginSuccessfull" time="0.0" classname="com.orangehrm.test.LoginTest">
    <ignored/>
  </testcase> <!-- verifyLoginSuccessfull -->
  <testcase name="verifyLoginInvalidData" time="0.0" classname="com.orangehrm.test.LoginTest">
    <ignored/>
  </testcase> <!-- verifyLoginInvalidData -->
  <testcase name="verifyBrokenLinks" time="0.0" classname="com.orangehrm.test.LoginTest">
    <ignored/>
  </testcase> <!-- verifyBrokenLinks -->
</testsuite> <!-- Default test -->
