<?xml version="1.0" encoding="UTF-8"?>
<!-- Generated by org.testng.reporters.JUnitXMLReporter -->
<testsuite hostname="User-PC" ignored="6" name="Default test" tests="1" failures="0" timestamp="22 Oct 2019 07:41:21 GMT" time="13.235" errors="0">
  <testcase name="verifyFieldsLength" time="12.585" classname="com.orangehrm.test.LoginTest"/>
  <testcase name="verifyLoginSuccessfull" time="0.0" classname="com.orangehrm.test.LoginTest">
    <ignored/>
  </testcase> <!-- verifyLoginSuccessfull -->
  <testcase name="verifyLoginInvalidData" time="0.0" classname="com.orangehrm.test.LoginTest">
    <ignored/>
  </testcase> <!-- verifyLoginInvalidData -->
  <testcase name="takeScreenShot" time="0.0" classname="com.orangehrm.test.LoginTest">
    <ignored/>
  </testcase> <!-- takeScreenShot -->
  <testcase name="verifyBrokenLinks" time="0.0" classname="com.orangehrm.test.LoginTest">
    <ignored/>
  </testcase> <!-- verifyBrokenLinks -->
  <testcase name="test" time="0.0" classname="com.orangehrm.test.LoginTest">
    <ignored/>
  </testcase> <!-- test -->
  <testcase name="verifySocialMedialink" time="0.0" classname="com.orangehrm.test.LoginTest">
    <ignored/>
  </testcase> <!-- verifySocialMedialink -->
</testsuite> <!-- Default test -->
