<?xml version="1.0" encoding="UTF-8"?>
<!-- Generated by org.testng.reporters.JUnitXMLReporter -->
<testsuite hostname="User-PC" ignored="0" name="Command line test" tests="6" failures="0" timestamp="18 Oct 2019 06:25:50 GMT" time="137.905" errors="0">
  <testcase name="verifyLoginSuccessfull" time="41.762" classname="com.orangehrm.test.LoginTest"/>
  <testcase name="verifyLoginInvalidData" time="10.737" classname="com.orangehrm.test.LoginTest"/>
  <testcase name="verifyLoginInvalidData" time="10.932" classname="com.orangehrm.test.LoginTest"/>
  <testcase name="verifyLoginInvalidData" time="10.228" classname="com.orangehrm.test.LoginTest"/>
  <testcase name="verifyBrokenLinks" time="10.677" classname="com.orangehrm.test.LoginTest"/>
  <testcase name="verifySocialMedialink" time="42.306" classname="com.orangehrm.test.LoginTest"/>
</testsuite> <!-- Command line test -->
