<?xml version="1.0" encoding="UTF-8" ?>
<testsuite tests="6" failures="0" name="TestSuite" time="134.074" errors="0" skipped="0">
  <properties>
[...]
</properties>
  <testcase classname="com.orangehrm.test.LoginTest" name="verifyLoginSuccessfull" time="45.274"/>
  <testcase classname="com.orangehrm.test.LoginTest" name="verifyLoginInvalidData" time="11.44"/>
  <testcase classname="com.orangehrm.test.LoginTest" name="verifyLoginInvalidData" time="11.54"/>
  <testcase classname="com.orangehrm.test.LoginTest" name="verifyLoginInvalidData" time="10.864"/>
  <testcase classname="com.orangehrm.test.LoginTest" name="verifyBrokenLinks" time="11.314"/>
  <testcase classname="com.orangehrm.test.LoginTest" name="verifySocialMedialink" time="43.642"/>
</testsuite>