<?xml version="1.0" encoding="UTF-8"?>
<testng-results skipped="0" failed="0" ignored="0" total="6" passed="6">
  <reporter-output>
  </reporter-output>
  <suite name="Command line suite" duration-ms="137905" started-at="2019-10-18T06:23:32Z" finished-at="2019-10-18T06:25:50Z">
    <groups>
    </groups>
    <test name="Command line test" duration-ms="137905" started-at="2019-10-18T06:23:32Z" finished-at="2019-10-18T06:25:50Z">
      <class name="com.orangehrm.test.LoginTest">
        <test-method status="PASS" signature="verifyLoginSuccessfull(java.lang.String, java.lang.String)[pri:1, instance:com.orangehrm.test.LoginTest@6aaa5eb0]" name="verifyLoginSuccessfull" duration-ms="41762" started-at="2019-10-18T06:23:35Z" data-provider="excelDataProvider" finished-at="2019-10-18T06:24:17Z">
          <params>
            <param index="0">
              <value>
                <![CDATA[admin]]>
              </value>
            </param>
            <param index="1">
              <value>
                <![CDATA[admin]]>
              </value>
            </param>
          </params>
          <reporter-output>
          </reporter-output>
        </test-method> <!-- verifyLoginSuccessfull -->
        <test-method status="PASS" signature="verifyLoginInvalidData(java.lang.String, java.lang.String)[pri:2, instance:com.orangehrm.test.LoginTest@6aaa5eb0]" name="verifyLoginInvalidData" duration-ms="10737" started-at="2019-10-18T06:24:21Z" data-provider="excelDataProvider" finished-at="2019-10-18T06:24:32Z">
          <params>
            <param index="0">
              <value>
                <![CDATA[kiran]]>
              </value>
            </param>
            <param index="1">
              <value>
                <![CDATA[admin]]>
              </value>
            </param>
          </params>
          <reporter-output>
          </reporter-output>
        </test-method> <!-- verifyLoginInvalidData -->
        <test-method status="PASS" signature="verifyLoginInvalidData(java.lang.String, java.lang.String)[pri:2, instance:com.orangehrm.test.LoginTest@6aaa5eb0]" name="verifyLoginInvalidData" duration-ms="10932" started-at="2019-10-18T06:24:32Z" data-provider="excelDataProvider" finished-at="2019-10-18T06:24:43Z">
          <params>
            <param index="0">
              <value>
                <![CDATA[admin]]>
              </value>
            </param>
            <param index="1">
              <value>
                <![CDATA[kiran]]>
              </value>
            </param>
          </params>
          <reporter-output>
          </reporter-output>
        </test-method> <!-- verifyLoginInvalidData -->
        <test-method status="PASS" signature="verifyLoginInvalidData(java.lang.String, java.lang.String)[pri:2, instance:com.orangehrm.test.LoginTest@6aaa5eb0]" name="verifyLoginInvalidData" duration-ms="10228" started-at="2019-10-18T06:24:44Z" data-provider="excelDataProvider" finished-at="2019-10-18T06:24:54Z">
          <params>
            <param index="0">
              <value>
                <![CDATA[kiran@123]]>
              </value>
            </param>
            <param index="1">
              <value>
                <![CDATA[kiran@123]]>
              </value>
            </param>
          </params>
          <reporter-output>
          </reporter-output>
        </test-method> <!-- verifyLoginInvalidData -->
        <test-method status="PASS" signature="verifyBrokenLinks()[pri:3, instance:com.orangehrm.test.LoginTest@6aaa5eb0]" name="verifyBrokenLinks" duration-ms="10677" started-at="2019-10-18T06:24:55Z" finished-at="2019-10-18T06:25:05Z">
          <reporter-output>
          </reporter-output>
        </test-method> <!-- verifyBrokenLinks -->
        <test-method status="PASS" signature="verifySocialMedialink()[pri:3, instance:com.orangehrm.test.LoginTest@6aaa5eb0]" name="verifySocialMedialink" duration-ms="42306" started-at="2019-10-18T06:25:06Z" finished-at="2019-10-18T06:25:48Z">
          <reporter-output>
          </reporter-output>
        </test-method> <!-- verifySocialMedialink -->
      </class> <!-- com.orangehrm.test.LoginTest -->
    </test> <!-- Command line test -->
  </suite> <!-- Command line suite -->
</testng-results>
