<?xml version="1.0" encoding="UTF-8"?>
<testng-results skipped="0" failed="0" ignored="3" total="4" passed="1">
  <reporter-output>
  </reporter-output>
  <suite name="Default suite" duration-ms="30008" started-at="2019-10-17T11:51:19Z" finished-at="2019-10-17T11:51:49Z">
    <groups>
    </groups>
    <test name="Default test" duration-ms="30008" started-at="2019-10-17T11:51:19Z" finished-at="2019-10-17T11:51:49Z">
      <class name="com.orangehrm.test.LoginTest">
        <test-method status="PASS" signature="verifySocialMedialink()[pri:3, instance:com.orangehrm.test.LoginTest@4501b7af]" name="verifySocialMedialink" duration-ms="26625" started-at="2019-10-17T11:51:19Z" finished-at="2019-10-17T11:51:45Z">
          <reporter-output>
          </reporter-output>
        </test-method> <!-- verifySocialMedialink -->
      </class> <!-- com.orangehrm.test.LoginTest -->
    </test> <!-- Default test -->
  </suite> <!-- Default suite -->
</testng-results>
