<?xml version="1.0" encoding="UTF-8"?>
<testng-results skipped="0" failed="0" ignored="6" total="7" passed="1">
  <reporter-output>
  </reporter-output>
  <suite name="Default suite" duration-ms="13235" started-at="2019-10-22T07:41:08Z" finished-at="2019-10-22T07:41:21Z">
    <groups>
    </groups>
    <test name="Default test" duration-ms="13235" started-at="2019-10-22T07:41:08Z" finished-at="2019-10-22T07:41:21Z">
      <class name="com.orangehrm.test.LoginTest">
        <test-method status="PASS" signature="verifyFieldsLength()[pri:0, instance:com.orangehrm.test.LoginTest@5b275dab]" name="verifyFieldsLength" duration-ms="12585" started-at="2019-10-22T07:41:08Z" finished-at="2019-10-22T07:41:20Z">
          <reporter-output>
          </reporter-output>
        </test-method> <!-- verifyFieldsLength -->
      </class> <!-- com.orangehrm.test.LoginTest -->
    </test> <!-- Default test -->
  </suite> <!-- Default suite -->
</testng-results>
